# JRE version: OpenJDK Runtime Environment Temurin-17.0.16+8 (17.0.16+8) (build 17.0.16+8)
# Java VM: OpenJDK 64-Bit Server VM Temurin-17.0.16+8 (17.0.16+8, mixed mode, sharing, tiered, compressed oops, compressed class ptrs, g1 gc, windows-amd64)
GC Precious Log:
 CPUs: 12 total, 12 available
 Memory: 7876M
 Large Page Support: Disabled
 NUMA Support: Disabled
 Compressed Oops: Enabled (Zero based)
 Heap Region Size: 4M
 Heap Min Capacity: 8M
 Heap Initial Capacity: 124M
 Heap Max Capacity: 8G
 Pre-touch: Disabled
 Parallel Workers: 10
 Concurrent Workers: 3
 Concurrent Refinement Workers: 10
 Periodic GC: Disabled
Heap:
 garbage-first heap   total 1122304K, used 406007K [0x0000000600000000, 0x0000000800000000)
  region size 4096K, 2 young (8192K), 2 survivors (8192K)
 Metaspace       used 187546K, committed 189568K, reserved 1245184K
  class space    used 24429K, committed 25344K, reserved 1048576K
GC Heap History (20 events):
Event: 827.748 GC heap after
{Heap after GC invocations=73 (full 0):
 garbage-first heap   total 823296K, used 313956K [0x0000000600000000, 0x0000000800000000)
  region size 4096K, 8 young (32768K), 8 survivors (32768K)
 Metaspace       used 176245K, committed 178048K, reserved 1245184K
  class space    used 22911K, committed 23680K, reserved 1048576K
}
Event: 844.937 GC heap before
{Heap before GC invocations=73 (full 0):
 garbage-first heap   total 823296K, used 494180K [0x0000000600000000, 0x0000000800000000)
  region size 4096K, 53 young (217088K), 8 survivors (32768K)
 Metaspace       used 176575K, committed 178432K, reserved 1245184K
  class space    used 22954K, committed 23808K, reserved 1048576K
}
Event: 845.222 GC heap after
{Heap after GC invocations=74 (full 0):
 garbage-first heap   total 823296K, used 321742K [0x0000000600000000, 0x0000000800000000)
  region size 4096K, 5 young (20480K), 5 survivors (20480K)
 Metaspace       used 176575K, committed 178432K, reserved 1245184K
  class space    used 22954K, committed 23808K, reserved 1048576K
}
Event: 854.365 GC heap before
{Heap before GC invocations=74 (full 0):
 garbage-first heap   total 823296K, used 526542K [0x0000000600000000, 0x0000000800000000)
  region size 4096K, 56 young (229376K), 5 survivors (20480K)
 Metaspace       used 176896K, committed 178752K, reserved 1245184K
  class space    used 22998K, committed 23808K, reserved 1048576K
}
Event: 854.516 GC heap after
{Heap after GC invocations=75 (full 0):
 garbage-first heap   total 823296K, used 335147K [0x0000000600000000, 0x0000000800000000)
  region size 4096K, 7 young (28672K), 7 survivors (28672K)
 Metaspace       used 176896K, committed 178752K, reserved 1245184K
  class space    used 22998K, committed 23808K, reserved 1048576K
}
Event: 869.146 GC heap before
{Heap before GC invocations=75 (full 0):
 garbage-first heap   total 823296K, used 494891K [0x0000000600000000, 0x0000000800000000)
  region size 4096K, 47 young (192512K), 7 survivors (28672K)
 Metaspace       used 176953K, committed 178880K, reserved 1245184K
  class space    used 23005K, committed 23872K, reserved 1048576K
}
Event: 869.888 GC heap after
{Heap after GC invocations=76 (full 0):
 garbage-first heap   total 991232K, used 341051K [0x0000000600000000, 0x0000000800000000)
  region size 4096K, 2 young (8192K), 2 survivors (8192K)
 Metaspace       used 176953K, committed 178880K, reserved 1245184K
  class space    used 23005K, committed 23872K, reserved 1048576K
}
Event: 939.216 GC heap before
{Heap before GC invocations=76 (full 0):
 garbage-first heap   total 991232K, used 468027K [0x0000000600000000, 0x0000000800000000)
  region size 4096K, 34 young (139264K), 2 survivors (8192K)
 Metaspace       used 177116K, committed 179008K, reserved 1245184K
  class space    used 23027K, committed 23872K, reserved 1048576K
}
Event: 939.377 GC heap after
{Heap after GC invocations=77 (full 0):
 garbage-first heap   total 991232K, used 344596K [0x0000000600000000, 0x0000000800000000)
  region size 4096K, 3 young (12288K), 3 survivors (12288K)
 Metaspace       used 177116K, committed 179008K, reserved 1245184K
  class space    used 23027K, committed 23872K, reserved 1048576K
}
Event: 944.403 GC heap before
{Heap before GC invocations=77 (full 0):
 garbage-first heap   total 991232K, used 467476K [0x0000000600000000, 0x0000000800000000)
  region size 4096K, 34 young (139264K), 3 survivors (12288K)
 Metaspace       used 177533K, committed 179456K, reserved 1245184K
  class space    used 23088K, committed 23936K, reserved 1048576K
}
Event: 944.457 GC heap after
{Heap after GC invocations=78 (full 0):
 garbage-first heap   total 991232K, used 354891K [0x0000000600000000, 0x0000000800000000)
  region size 4096K, 5 young (20480K), 5 survivors (20480K)
 Metaspace       used 177533K, committed 179456K, reserved 1245184K
  class space    used 23088K, committed 23936K, reserved 1048576K
}
Event: 954.045 GC heap before
{Heap before GC invocations=78 (full 0):
 garbage-first heap   total 991232K, used 416331K [0x0000000600000000, 0x0000000800000000)
  region size 4096K, 20 young (81920K), 5 survivors (20480K)
 Metaspace       used 178612K, committed 180608K, reserved 1245184K
  class space    used 23251K, committed 24128K, reserved 1048576K
}
Event: 954.178 GC heap after
{Heap after GC invocations=79 (full 0):
 garbage-first heap   total 991232K, used 354164K [0x0000000600000000, 0x0000000800000000)
  region size 4096K, 2 young (8192K), 2 survivors (8192K)
 Metaspace       used 178612K, committed 180608K, reserved 1245184K
  class space    used 23251K, committed 24128K, reserved 1048576K
}
Event: 973.884 GC heap before
{Heap before GC invocations=79 (full 0):
 garbage-first heap   total 991232K, used 579444K [0x0000000600000000, 0x0000000800000000)
  region size 4096K, 57 young (233472K), 2 survivors (8192K)
 Metaspace       used 187088K, committed 189056K, reserved 1245184K
  class space    used 24394K, committed 25280K, reserved 1048576K
}
Event: 974.273 GC heap after
{Heap after GC invocations=80 (full 0):
 garbage-first heap   total 991232K, used 375494K [0x0000000600000000, 0x0000000800000000)
  region size 4096K, 8 young (32768K), 8 survivors (32768K)
 Metaspace       used 187088K, committed 189056K, reserved 1245184K
  class space    used 24394K, committed 25280K, reserved 1048576K
}
Event: 975.112 GC heap before
{Heap before GC invocations=80 (full 0):
 garbage-first heap   total 991232K, used 391878K [0x0000000600000000, 0x0000000800000000)
  region size 4096K, 12 young (49152K), 8 survivors (32768K)
 Metaspace       used 187134K, committed 189120K, reserved 1245184K
  class space    used 24396K, committed 25280K, reserved 1048576K
}
Event: 975.430 GC heap after
{Heap after GC invocations=81 (full 0):
 garbage-first heap   total 991232K, used 380967K [0x0000000600000000, 0x0000000800000000)
  region size 4096K, 2 young (8192K), 2 survivors (8192K)
 Metaspace       used 187134K, committed 189120K, reserved 1245184K
  class space    used 24396K, committed 25280K, reserved 1048576K
}
Event: 984.235 GC heap before
{Heap before GC invocations=81 (full 0):
 garbage-first heap   total 991232K, used 446503K [0x0000000600000000, 0x0000000800000000)
  region size 4096K, 18 young (73728K), 2 survivors (8192K)
 Metaspace       used 187321K, committed 189312K, reserved 1245184K
  class space    used 24411K, committed 25280K, reserved 1048576K
}
Event: 984.423 GC heap after
{Heap after GC invocations=82 (full 0):
 garbage-first heap   total 991232K, used 394062K [0x0000000600000000, 0x0000000800000000)
  region size 4096K, 3 young (12288K), 3 survivors (12288K)
 Metaspace       used 187321K, committed 189312K, reserved 1245184K
  class space    used 24411K, committed 25280K, reserved 1048576K
}
Event: 1038.769 GC heap before
{Heap before GC invocations=82 (full 0):
 garbage-first heap   total 991232K, used 447310K [0x0000000600000000, 0x0000000800000000)
  region size 4096K, 16 young (65536K), 3 survivors (12288K)
 Metaspace       used 187546K, committed 189568K, reserved 1245184K
  class space    used 24429K, committed 25344K, reserved 1048576K
}

