# JRE version: OpenJDK Runtime Environment Temurin-21.0.10+7 (21.0.10+7) (build 21.0.10+7-LTS)
# Java VM: OpenJDK 64-Bit Server VM Temurin-21.0.10+7 (21.0.10+7-LTS, mixed mode, sharing, tiered, compressed oops, compressed class ptrs, g1 gc, windows-amd64)
GC Precious Log:
 CardTable entry size: 512
 Card Set container configuration: InlinePtr #cards 4 size 8 Array Of Cards #cards 32 size 80 Howl #buckets 8 coarsen threshold 7372 Howl Bitmap #cards 1024 size 144 coarsen threshold 921 Card regions per heap region 1 cards per card region 8192
 CPUs: 12 total, 12 available
 Memory: 7876M
 Large Page Support: Disabled
 NUMA Support: Disabled
 Compressed Oops: Enabled (Zero based)
 Heap Region Size: 4M
 Heap Min Capacity: 8M
 Heap Initial Capacity: 124M
 Heap Max Capacity: 4608M
 Pre-touch: Disabled
 Parallel Workers: 10
 Concurrent Workers: 3
 Concurrent Refinement Workers: 10
 Periodic GC: Disabled
Heap:
 garbage-first heap   total 421888K, used 273604K [0x00000006e0000000, 0x0000000800000000)
  region size 4096K, 5 young (20480K), 5 survivors (20480K)
 Metaspace       used 111101K, committed 113920K, reserved 983040K
  class space    used 15741K, committed 17024K, reserved 851968K
GC Heap History (20 events):
Event: 236.945 GC heap after
{Heap after GC invocations=69 (full 0):
 garbage-first heap   total 348160K, used 221339K [0x00000006e0000000, 0x0000000800000000)
  region size 4096K, 3 young (12288K), 3 survivors (12288K)
 Metaspace       used 109790K, committed 112448K, reserved 983040K
  class space    used 15587K, committed 16832K, reserved 851968K
}
Event: 241.401 GC heap before
{Heap before GC invocations=70 (full 0):
 garbage-first heap   total 376832K, used 311451K [0x00000006e0000000, 0x0000000800000000)
  region size 4096K, 26 young (106496K), 3 survivors (12288K)
 Metaspace       used 109899K, committed 112576K, reserved 983040K
  class space    used 15601K, committed 16896K, reserved 851968K
}
Event: 241.454 GC heap after
{Heap after GC invocations=71 (full 0):
 garbage-first heap   total 376832K, used 225120K [0x00000006e0000000, 0x0000000800000000)
  region size 4096K, 3 young (12288K), 3 survivors (12288K)
 Metaspace       used 109899K, committed 112576K, reserved 983040K
  class space    used 15601K, committed 16896K, reserved 851968K
}
Event: 248.421 GC heap before
{Heap before GC invocations=71 (full 0):
 garbage-first heap   total 376832K, used 335712K [0x00000006e0000000, 0x0000000800000000)
  region size 4096K, 31 young (126976K), 3 survivors (12288K)
 Metaspace       used 109958K, committed 112640K, reserved 983040K
  class space    used 15608K, committed 16896K, reserved 851968K
}
Event: 248.465 GC heap after
{Heap after GC invocations=72 (full 0):
 garbage-first heap   total 376832K, used 226474K [0x00000006e0000000, 0x0000000800000000)
  region size 4096K, 3 young (12288K), 3 survivors (12288K)
 Metaspace       used 109958K, committed 112640K, reserved 983040K
  class space    used 15608K, committed 16896K, reserved 851968K
}
Event: 254.375 GC heap before
{Heap before GC invocations=72 (full 0):
 garbage-first heap   total 376832K, used 337066K [0x00000006e0000000, 0x0000000800000000)
  region size 4096K, 31 young (126976K), 3 survivors (12288K)
 Metaspace       used 110154K, committed 112832K, reserved 983040K
  class space    used 15628K, committed 16896K, reserved 851968K
}
Event: 254.407 GC heap after
{Heap after GC invocations=73 (full 0):
 garbage-first heap   total 376832K, used 234101K [0x00000006e0000000, 0x0000000800000000)
  region size 4096K, 4 young (16384K), 4 survivors (16384K)
 Metaspace       used 110154K, committed 112832K, reserved 983040K
  class space    used 15628K, committed 16896K, reserved 851968K
}
Event: 261.305 GC heap before
{Heap before GC invocations=74 (full 0):
 garbage-first heap   total 397312K, used 340597K [0x00000006e0000000, 0x0000000800000000)
  region size 4096K, 31 young (126976K), 4 survivors (16384K)
 Metaspace       used 110306K, committed 113024K, reserved 983040K
  class space    used 15645K, committed 16896K, reserved 851968K
}
Event: 261.440 GC heap after
{Heap after GC invocations=75 (full 0):
 garbage-first heap   total 397312K, used 240416K [0x00000006e0000000, 0x0000000800000000)
  region size 4096K, 3 young (12288K), 3 survivors (12288K)
 Metaspace       used 110306K, committed 113024K, reserved 983040K
  class space    used 15645K, committed 16896K, reserved 851968K
}
Event: 267.390 GC heap before
{Heap before GC invocations=75 (full 0):
 garbage-first heap   total 397312K, used 355104K [0x00000006e0000000, 0x0000000800000000)
  region size 4096K, 32 young (131072K), 3 survivors (12288K)
 Metaspace       used 110456K, committed 113216K, reserved 983040K
  class space    used 15665K, committed 16960K, reserved 851968K
}
Event: 267.464 GC heap after
{Heap after GC invocations=76 (full 0):
 garbage-first heap   total 397312K, used 243440K [0x00000006e0000000, 0x0000000800000000)
  region size 4096K, 2 young (8192K), 2 survivors (8192K)
 Metaspace       used 110456K, committed 113216K, reserved 983040K
  class space    used 15665K, committed 16960K, reserved 851968K
}
Event: 272.189 GC heap before
{Heap before GC invocations=76 (full 0):
 garbage-first heap   total 397312K, used 362224K [0x00000006e0000000, 0x0000000800000000)
  region size 4096K, 32 young (131072K), 2 survivors (8192K)
 Metaspace       used 110466K, committed 113216K, reserved 983040K
  class space    used 15665K, committed 16960K, reserved 851968K
}
Event: 272.228 GC heap after
{Heap after GC invocations=77 (full 0):
 garbage-first heap   total 397312K, used 246170K [0x00000006e0000000, 0x0000000800000000)
  region size 4096K, 3 young (12288K), 3 survivors (12288K)
 Metaspace       used 110466K, committed 113216K, reserved 983040K
  class space    used 15665K, committed 16960K, reserved 851968K
}
Event: 279.404 GC heap before
{Heap before GC invocations=78 (full 0):
 garbage-first heap   total 417792K, used 360858K [0x00000006e0000000, 0x0000000800000000)
  region size 4096K, 32 young (131072K), 3 survivors (12288K)
 Metaspace       used 110662K, committed 113408K, reserved 983040K
  class space    used 15686K, committed 16960K, reserved 851968K
}
Event: 279.427 GC heap after
{Heap after GC invocations=79 (full 0):
 garbage-first heap   total 417792K, used 251884K [0x00000006e0000000, 0x0000000800000000)
  region size 4096K, 3 young (12288K), 3 survivors (12288K)
 Metaspace       used 110662K, committed 113408K, reserved 983040K
  class space    used 15686K, committed 16960K, reserved 851968K
}
Event: 284.667 GC heap before
{Heap before GC invocations=79 (full 0):
 garbage-first heap   total 417792K, used 378860K [0x00000006e0000000, 0x0000000800000000)
  region size 4096K, 35 young (143360K), 3 survivors (12288K)
 Metaspace       used 110898K, committed 113664K, reserved 983040K
  class space    used 15714K, committed 17024K, reserved 851968K
}
Event: 284.706 GC heap after
{Heap after GC invocations=80 (full 0):
 garbage-first heap   total 417792K, used 260107K [0x00000006e0000000, 0x0000000800000000)
  region size 4096K, 5 young (20480K), 5 survivors (20480K)
 Metaspace       used 110898K, committed 113664K, reserved 983040K
  class space    used 15714K, committed 17024K, reserved 851968K
}
Event: 288.275 GC heap before
{Heap before GC invocations=80 (full 0):
 garbage-first heap   total 417792K, used 378891K [0x00000006e0000000, 0x0000000800000000)
  region size 4096K, 35 young (143360K), 5 survivors (20480K)
 Metaspace       used 110939K, committed 113664K, reserved 983040K
  class space    used 15721K, committed 17024K, reserved 851968K
}
Event: 288.324 GC heap after
{Heap after GC invocations=81 (full 0):
 garbage-first heap   total 421888K, used 268244K [0x00000006e0000000, 0x0000000800000000)
  region size 4096K, 4 young (16384K), 4 survivors (16384K)
 Metaspace       used 110939K, committed 113664K, reserved 983040K
  class space    used 15721K, committed 17024K, reserved 851968K
}
Event: 294.112 GC heap before
{Heap before GC invocations=81 (full 0):
 garbage-first heap   total 421888K, used 382932K [0x00000006e0000000, 0x0000000800000000)
  region size 4096K, 33 young (135168K), 4 survivors (16384K)
 Metaspace       used 111101K, committed 113920K, reserved 983040K
  class space    used 15741K, committed 17024K, reserved 851968K
}

