# JRE version: OpenJDK Runtime Environment Temurin-21.0.10+7 (21.0.10+7) (build 21.0.10+7-LTS)
# Java VM: OpenJDK 64-Bit Server VM Temurin-21.0.10+7 (21.0.10+7-LTS, mixed mode, sharing, tiered, compressed oops, compressed class ptrs, g1 gc, windows-amd64)
GC Precious Log:
 CardTable entry size: 512
 Card Set container configuration: InlinePtr #cards 4 size 8 Array Of Cards #cards 32 size 80 Howl #buckets 8 coarsen threshold 7372 Howl Bitmap #cards 1024 size 144 coarsen threshold 921 Card regions per heap region 1 cards per card region 8192
 CPUs: 12 total, 12 available
 Memory: 7876M
 Large Page Support: Disabled
 NUMA Support: Disabled
 Compressed Oops: Enabled (Zero based)
 Heap Region Size: 4M
 Heap Min Capacity: 8M
 Heap Initial Capacity: 124M
 Heap Max Capacity: 4608M
 Pre-touch: Disabled
 Parallel Workers: 10
 Concurrent Workers: 3
 Concurrent Refinement Workers: 10
 Periodic GC: Disabled
Heap:
 garbage-first heap   total 172032K, used 115650K [0x00000006e0000000, 0x0000000800000000)
  region size 4096K, 2 young (8192K), 1 survivors (4096K)
 Metaspace       used 92862K, committed 95040K, reserved 983040K
  class space    used 13660K, committed 14720K, reserved 851968K
GC Heap History (20 events):
Event: 33.317 GC heap before
{Heap before GC invocations=27 (full 0):
 garbage-first heap   total 139264K, used 117301K [0x00000006e0000000, 0x0000000800000000)
  region size 4096K, 12 young (49152K), 2 survivors (8192K)
 Metaspace       used 72237K, committed 74240K, reserved 917504K
  class space    used 10639K, committed 11648K, reserved 851968K
}
Event: 33.325 GC heap after
{Heap after GC invocations=28 (full 0):
 garbage-first heap   total 139264K, used 81749K [0x00000006e0000000, 0x0000000800000000)
  region size 4096K, 2 young (8192K), 2 survivors (8192K)
 Metaspace       used 72237K, committed 74240K, reserved 917504K
  class space    used 10639K, committed 11648K, reserved 851968K
}
Event: 34.694 GC heap before
{Heap before GC invocations=29 (full 0):
 garbage-first heap   total 143360K, used 122709K [0x00000006e0000000, 0x0000000800000000)
  region size 4096K, 12 young (49152K), 2 survivors (8192K)
 Metaspace       used 72243K, committed 74240K, reserved 917504K
  class space    used 10639K, committed 11648K, reserved 851968K
}
Event: 34.704 GC heap after
{Heap after GC invocations=30 (full 0):
 garbage-first heap   total 143360K, used 83042K [0x00000006e0000000, 0x0000000800000000)
  region size 4096K, 2 young (8192K), 2 survivors (8192K)
 Metaspace       used 72243K, committed 74240K, reserved 917504K
  class space    used 10639K, committed 11648K, reserved 851968K
}
Event: 39.142 GC heap before
{Heap before GC invocations=30 (full 0):
 garbage-first heap   total 143360K, used 119906K [0x00000006e0000000, 0x0000000800000000)
  region size 4096K, 12 young (49152K), 2 survivors (8192K)
 Metaspace       used 73116K, committed 75200K, reserved 917504K
  class space    used 10740K, committed 11776K, reserved 851968K
}
Event: 39.163 GC heap after
{Heap after GC invocations=31 (full 0):
 garbage-first heap   total 147456K, used 93540K [0x00000006e0000000, 0x0000000800000000)
  region size 4096K, 2 young (8192K), 2 survivors (8192K)
 Metaspace       used 73116K, committed 75200K, reserved 917504K
  class space    used 10740K, committed 11776K, reserved 851968K
}
Event: 41.441 GC heap before
{Heap before GC invocations=31 (full 0):
 garbage-first heap   total 147456K, used 126308K [0x00000006e0000000, 0x0000000800000000)
  region size 4096K, 10 young (40960K), 2 survivors (8192K)
 Metaspace       used 73490K, committed 75584K, reserved 917504K
  class space    used 10782K, committed 11840K, reserved 851968K
}
Event: 41.451 GC heap after
{Heap after GC invocations=32 (full 0):
 garbage-first heap   total 147456K, used 99892K [0x00000006e0000000, 0x0000000800000000)
  region size 4096K, 2 young (8192K), 2 survivors (8192K)
 Metaspace       used 73490K, committed 75584K, reserved 917504K
  class space    used 10782K, committed 11840K, reserved 851968K
}
Event: 44.416 GC heap before
{Heap before GC invocations=33 (full 0):
 garbage-first heap   total 172032K, used 124468K [0x00000006e0000000, 0x0000000800000000)
  region size 4096K, 8 young (32768K), 2 survivors (8192K)
 Metaspace       used 77559K, committed 79616K, reserved 983040K
  class space    used 11742K, committed 12800K, reserved 851968K
}
Event: 44.427 GC heap after
{Heap after GC invocations=34 (full 0):
 garbage-first heap   total 172032K, used 101089K [0x00000006e0000000, 0x0000000800000000)
  region size 4096K, 1 young (4096K), 1 survivors (4096K)
 Metaspace       used 77559K, committed 79616K, reserved 983040K
  class space    used 11742K, committed 12800K, reserved 851968K
}
Event: 46.192 GC heap before
{Heap before GC invocations=34 (full 0):
 garbage-first heap   total 172032K, used 137953K [0x00000006e0000000, 0x0000000800000000)
  region size 4096K, 11 young (45056K), 1 survivors (4096K)
 Metaspace       used 80568K, committed 82688K, reserved 983040K
  class space    used 12141K, committed 13184K, reserved 851968K
}
Event: 46.204 GC heap after
{Heap after GC invocations=35 (full 0):
 garbage-first heap   total 172032K, used 105985K [0x00000006e0000000, 0x0000000800000000)
  region size 4096K, 2 young (8192K), 2 survivors (8192K)
 Metaspace       used 80568K, committed 82688K, reserved 983040K
  class space    used 12141K, committed 13184K, reserved 851968K
}
Event: 48.276 GC heap before
{Heap before GC invocations=35 (full 0):
 garbage-first heap   total 172032K, used 146945K [0x00000006e0000000, 0x0000000800000000)
  region size 4096K, 12 young (49152K), 2 survivors (8192K)
 Metaspace       used 84767K, committed 86848K, reserved 983040K
  class space    used 12597K, committed 13632K, reserved 851968K
}
Event: 48.283 GC heap after
{Heap after GC invocations=36 (full 0):
 garbage-first heap   total 172032K, used 109327K [0x00000006e0000000, 0x0000000800000000)
  region size 4096K, 1 young (4096K), 1 survivors (4096K)
 Metaspace       used 84767K, committed 86848K, reserved 983040K
  class space    used 12597K, committed 13632K, reserved 851968K
}
Event: 49.063 GC heap before
{Heap before GC invocations=36 (full 0):
 garbage-first heap   total 172032K, used 146191K [0x00000006e0000000, 0x0000000800000000)
  region size 4096K, 11 young (45056K), 1 survivors (4096K)
 Metaspace       used 86893K, committed 89024K, reserved 983040K
  class space    used 12878K, committed 13952K, reserved 851968K
}
Event: 49.070 GC heap after
{Heap after GC invocations=37 (full 0):
 garbage-first heap   total 172032K, used 112642K [0x00000006e0000000, 0x0000000800000000)
  region size 4096K, 2 young (8192K), 2 survivors (8192K)
 Metaspace       used 86893K, committed 89024K, reserved 983040K
  class space    used 12878K, committed 13952K, reserved 851968K
}
Event: 50.338 GC heap before
{Heap before GC invocations=37 (full 0):
 garbage-first heap   total 172032K, used 149506K [0x00000006e0000000, 0x0000000800000000)
  region size 4096K, 11 young (45056K), 2 survivors (8192K)
 Metaspace       used 89703K, committed 91904K, reserved 983040K
  class space    used 13230K, committed 14336K, reserved 851968K
}
Event: 50.345 GC heap after
{Heap after GC invocations=38 (full 0):
 garbage-first heap   total 172032K, used 114513K [0x00000006e0000000, 0x0000000800000000)
  region size 4096K, 2 young (8192K), 2 survivors (8192K)
 Metaspace       used 89703K, committed 91904K, reserved 983040K
  class space    used 13230K, committed 14336K, reserved 851968K
}
Event: 51.406 GC heap before
{Heap before GC invocations=38 (full 0):
 garbage-first heap   total 172032K, used 147281K [0x00000006e0000000, 0x0000000800000000)
  region size 4096K, 11 young (45056K), 2 survivors (8192K)
 Metaspace       used 92639K, committed 94848K, reserved 983040K
  class space    used 13628K, committed 14720K, reserved 851968K
}
Event: 51.414 GC heap after
{Heap after GC invocations=39 (full 0):
 garbage-first heap   total 172032K, used 115650K [0x00000006e0000000, 0x0000000800000000)
  region size 4096K, 1 young (4096K), 1 survivors (4096K)
 Metaspace       used 92639K, committed 94848K, reserved 983040K
  class space    used 13628K, committed 14720K, reserved 851968K
}

