# JRE version: OpenJDK Runtime Environment Temurin-21.0.10+7 (21.0.10+7) (build 21.0.10+7-LTS)
# Java VM: OpenJDK 64-Bit Server VM Temurin-21.0.10+7 (21.0.10+7-LTS, mixed mode, sharing, tiered, compressed oops, compressed class ptrs, g1 gc, windows-amd64)
GC Precious Log:
 CardTable entry size: 512
 Card Set container configuration: InlinePtr #cards 4 size 8 Array Of Cards #cards 32 size 80 Howl #buckets 8 coarsen threshold 7372 Howl Bitmap #cards 1024 size 144 coarsen threshold 921 Card regions per heap region 1 cards per card region 8192
 CPUs: 12 total, 12 available
 Memory: 7876M
 Large Page Support: Disabled
 NUMA Support: Disabled
 Compressed Oops: Enabled (Zero based)
 Heap Region Size: 4M
 Heap Min Capacity: 8M
 Heap Initial Capacity: 124M
 Heap Max Capacity: 4608M
 Pre-touch: Disabled
 Parallel Workers: 10
 Concurrent Workers: 3
 Concurrent Refinement Workers: 10
 Periodic GC: Disabled
Heap:
 garbage-first heap   total 618496K, used 420240K [0x00000006e0000000, 0x0000000800000000)
  region size 4096K, 8 young (32768K), 3 survivors (12288K)
 Metaspace       used 192308K, committed 195904K, reserved 1048576K
  class space    used 25121K, committed 26816K, reserved 851968K
GC Heap History (20 events):
Event: 446.117 GC heap before
{Heap before GC invocations=80 (full 0):
 garbage-first heap   total 532480K, used 459036K [0x00000006e0000000, 0x0000000800000000)
  region size 4096K, 41 young (167936K), 5 survivors (20480K)
 Metaspace       used 189099K, committed 192448K, reserved 1048576K
  class space    used 24730K, committed 26368K, reserved 851968K
}
Event: 446.153 GC heap after
{Heap after GC invocations=81 (full 0):
 garbage-first heap   total 532480K, used 321793K [0x00000006e0000000, 0x0000000800000000)
  region size 4096K, 4 young (16384K), 4 survivors (16384K)
 Metaspace       used 189099K, committed 192448K, reserved 1048576K
  class space    used 24730K, committed 26368K, reserved 851968K
}
Event: 452.149 GC heap before
{Heap before GC invocations=81 (full 0):
 garbage-first heap   total 532480K, used 493825K [0x00000006e0000000, 0x0000000800000000)
  region size 4096K, 47 young (192512K), 4 survivors (16384K)
 Metaspace       used 189252K, committed 192704K, reserved 1048576K
  class space    used 24749K, committed 26432K, reserved 851968K
}
Event: 452.224 GC heap after
{Heap after GC invocations=82 (full 0):
 garbage-first heap   total 536576K, used 327474K [0x00000006e0000000, 0x0000000800000000)
  region size 4096K, 5 young (20480K), 5 survivors (20480K)
 Metaspace       used 189252K, committed 192704K, reserved 1048576K
  class space    used 24749K, committed 26432K, reserved 851968K
}
Event: 460.377 GC heap before
{Heap before GC invocations=82 (full 0):
 garbage-first heap   total 536576K, used 495410K [0x00000006e0000000, 0x0000000800000000)
  region size 4096K, 47 young (192512K), 5 survivors (20480K)
 Metaspace       used 189376K, committed 192768K, reserved 1048576K
  class space    used 24766K, committed 26432K, reserved 851968K
}
Event: 460.407 GC heap after
{Heap after GC invocations=83 (full 0):
 garbage-first heap   total 536576K, used 334329K [0x00000006e0000000, 0x0000000800000000)
  region size 4096K, 5 young (20480K), 5 survivors (20480K)
 Metaspace       used 189376K, committed 192768K, reserved 1048576K
  class space    used 24766K, committed 26432K, reserved 851968K
}
Event: 466.902 GC heap before
{Heap before GC invocations=84 (full 0):
 garbage-first heap   total 569344K, used 494073K [0x00000006e0000000, 0x0000000800000000)
  region size 4096K, 45 young (184320K), 5 survivors (20480K)
 Metaspace       used 189573K, committed 192960K, reserved 1048576K
  class space    used 24787K, committed 26432K, reserved 851968K
}
Event: 466.936 GC heap after
{Heap after GC invocations=85 (full 0):
 garbage-first heap   total 569344K, used 341760K [0x00000006e0000000, 0x0000000800000000)
  region size 4096K, 4 young (16384K), 4 survivors (16384K)
 Metaspace       used 189573K, committed 192960K, reserved 1048576K
  class space    used 24787K, committed 26432K, reserved 851968K
}
Event: 473.206 GC heap before
{Heap before GC invocations=85 (full 0):
 garbage-first heap   total 569344K, used 530176K [0x00000006e0000000, 0x0000000800000000)
  region size 4096K, 51 young (208896K), 4 survivors (16384K)
 Metaspace       used 189827K, committed 193344K, reserved 1048576K
  class space    used 24818K, committed 26496K, reserved 851968K
}
Event: 473.256 GC heap after
{Heap after GC invocations=86 (full 0):
 garbage-first heap   total 573440K, used 348246K [0x00000006e0000000, 0x0000000800000000)
  region size 4096K, 5 young (20480K), 5 survivors (20480K)
 Metaspace       used 189827K, committed 193344K, reserved 1048576K
  class space    used 24818K, committed 26496K, reserved 851968K
}
Event: 490.657 GC heap before
{Heap before GC invocations=86 (full 0):
 garbage-first heap   total 573440K, used 532566K [0x00000006e0000000, 0x0000000800000000)
  region size 4096K, 51 young (208896K), 5 survivors (20480K)
 Metaspace       used 190025K, committed 193472K, reserved 1048576K
  class space    used 24845K, committed 26496K, reserved 851968K
}
Event: 490.703 GC heap after
{Heap after GC invocations=87 (full 0):
 garbage-first heap   total 577536K, used 362564K [0x00000006e0000000, 0x0000000800000000)
  region size 4096K, 7 young (28672K), 7 survivors (28672K)
 Metaspace       used 190025K, committed 193472K, reserved 1048576K
  class space    used 24845K, committed 26496K, reserved 851968K
}
Event: 495.324 GC heap before
{Heap before GC invocations=88 (full 0):
 garbage-first heap   total 614400K, used 526404K [0x00000006e0000000, 0x0000000800000000)
  region size 4096K, 48 young (196608K), 7 survivors (28672K)
 Metaspace       used 190161K, committed 193664K, reserved 1048576K
  class space    used 24862K, committed 26560K, reserved 851968K
}
Event: 495.365 GC heap after
{Heap after GC invocations=89 (full 0):
 garbage-first heap   total 614400K, used 368833K [0x00000006e0000000, 0x0000000800000000)
  region size 4096K, 3 young (12288K), 3 survivors (12288K)
 Metaspace       used 190161K, committed 193664K, reserved 1048576K
  class space    used 24862K, committed 26560K, reserved 851968K
}
Event: 2358.448 GC heap before
{Heap before GC invocations=89 (full 0):
 garbage-first heap   total 614400K, used 569537K [0x00000006e0000000, 0x0000000800000000)
  region size 4096K, 53 young (217088K), 3 survivors (12288K)
 Metaspace       used 192001K, committed 195584K, reserved 1048576K
  class space    used 25108K, committed 26816K, reserved 851968K
}
Event: 2359.380 GC heap after
{Heap after GC invocations=90 (full 0):
 garbage-first heap   total 618496K, used 374720K [0x00000006e0000000, 0x0000000800000000)
  region size 4096K, 7 young (28672K), 7 survivors (28672K)
 Metaspace       used 192001K, committed 195584K, reserved 1048576K
  class space    used 25108K, committed 26816K, reserved 851968K
}
Event: 2877.322 GC heap before
{Heap before GC invocations=90 (full 0):
 garbage-first heap   total 618496K, used 550848K [0x00000006e0000000, 0x0000000800000000)
  region size 4096K, 51 young (208896K), 7 survivors (28672K)
 Metaspace       used 192306K, committed 195904K, reserved 1048576K
  class space    used 25121K, committed 26816K, reserved 851968K
}
Event: 2877.924 GC heap after
{Heap after GC invocations=91 (full 0):
 garbage-first heap   total 618496K, used 384175K [0x00000006e0000000, 0x0000000800000000)
  region size 4096K, 4 young (16384K), 4 survivors (16384K)
 Metaspace       used 192306K, committed 195904K, reserved 1048576K
  class space    used 25121K, committed 26816K, reserved 851968K
}
Event: 2882.566 GC heap before
{Heap before GC invocations=91 (full 0):
 garbage-first heap   total 618496K, used 461999K [0x00000006e0000000, 0x0000000800000000)
  region size 4096K, 21 young (86016K), 4 survivors (16384K)
 Metaspace       used 192308K, committed 195904K, reserved 1048576K
  class space    used 25121K, committed 26816K, reserved 851968K
}
Event: 2882.664 GC heap after
{Heap after GC invocations=92 (full 0):
 garbage-first heap   total 618496K, used 403856K [0x00000006e0000000, 0x0000000800000000)
  region size 4096K, 3 young (12288K), 3 survivors (12288K)
 Metaspace       used 192308K, committed 195904K, reserved 1048576K
  class space    used 25121K, committed 26816K, reserved 851968K
}

