# JRE version: OpenJDK Runtime Environment (21.0.6) (build 21.0.6+-13368085-b895.109)
# Java VM: OpenJDK 64-Bit Server VM (21.0.6+-13368085-b895.109, mixed mode, tiered, compressed oops, compressed class ptrs, g1 gc, windows-amd64)
GC Precious Log:
 CardTable entry size: 512
 Card Set container configuration: InlinePtr #cards 4 size 8 Array Of Cards #cards 32 size 80 Howl #buckets 8 coarsen threshold 7372 Howl Bitmap #cards 1024 size 144 coarsen threshold 921 Card regions per heap region 1 cards per card region 8192
 CPUs: 12 total, 12 available
 Memory: 7876M
 Large Page Support: Disabled
 NUMA Support: Disabled
 Compressed Oops: Enabled (Zero based)
 Heap Region Size: 4M
 Heap Min Capacity: 8M
 Heap Initial Capacity: 124M
 Heap Max Capacity: 4608M
 Pre-touch: Disabled
 Parallel Workers: 10
 Concurrent Workers: 3
 Concurrent Refinement Workers: 10
 Periodic GC: Disabled
Heap:
 garbage-first heap   total 90112K, used 53802K [0x00000006e0000000, 0x0000000800000000)
  region size 4096K, 6 young (24576K), 1 survivors (4096K)
 Metaspace       used 56457K, committed 58048K, reserved 917504K
  class space    used 7669K, committed 8448K, reserved 851968K
GC Heap History (20 events):
Event: 2.593 GC heap before
{Heap before GC invocations=2 (full 0):
 garbage-first heap   total 126976K, used 73284K [0x00000006e0000000, 0x0000000800000000)
  region size 4096K, 18 young (73728K), 2 survivors (8192K)
 Metaspace       used 17034K, committed 17280K, reserved 917504K
  class space    used 1897K, committed 2048K, reserved 851968K
}
Event: 2.603 GC heap after
{Heap after GC invocations=3 (full 0):
 garbage-first heap   total 126976K, used 19209K [0x00000006e0000000, 0x0000000800000000)
  region size 4096K, 2 young (8192K), 2 survivors (8192K)
 Metaspace       used 17034K, committed 17280K, reserved 917504K
  class space    used 1897K, committed 2048K, reserved 851968K
}
Event: 3.558 GC heap before
{Heap before GC invocations=3 (full 0):
 garbage-first heap   total 126976K, used 35593K [0x00000006e0000000, 0x0000000800000000)
  region size 4096K, 7 young (28672K), 2 survivors (8192K)
 Metaspace       used 21196K, committed 21504K, reserved 917504K
  class space    used 2449K, committed 2624K, reserved 851968K
}
Event: 3.574 GC heap after
{Heap after GC invocations=4 (full 0):
 garbage-first heap   total 126976K, used 21061K [0x00000006e0000000, 0x0000000800000000)
  region size 4096K, 1 young (4096K), 1 survivors (4096K)
 Metaspace       used 21196K, committed 21504K, reserved 917504K
  class space    used 2449K, committed 2624K, reserved 851968K
}
Event: 7.063 GC heap before
{Heap before GC invocations=5 (full 0):
 garbage-first heap   total 81920K, used 78405K [0x00000006e0000000, 0x0000000800000000)
  region size 4096K, 15 young (61440K), 1 survivors (4096K)
 Metaspace       used 29873K, committed 30464K, reserved 917504K
  class space    used 3814K, committed 4096K, reserved 851968K
}
Event: 7.083 GC heap after
{Heap after GC invocations=6 (full 0):
 garbage-first heap   total 90112K, used 24127K [0x00000006e0000000, 0x0000000800000000)
  region size 4096K, 2 young (8192K), 2 survivors (8192K)
 Metaspace       used 29873K, committed 30464K, reserved 917504K
  class space    used 3814K, committed 4096K, reserved 851968K
}
Event: 9.364 GC heap before
{Heap before GC invocations=6 (full 0):
 garbage-first heap   total 90112K, used 60991K [0x00000006e0000000, 0x0000000800000000)
  region size 4096K, 12 young (49152K), 2 survivors (8192K)
 Metaspace       used 35281K, committed 36096K, reserved 917504K
  class space    used 4676K, committed 5056K, reserved 851968K
}
Event: 9.380 GC heap after
{Heap after GC invocations=7 (full 0):
 garbage-first heap   total 90112K, used 26245K [0x00000006e0000000, 0x0000000800000000)
  region size 4096K, 2 young (8192K), 2 survivors (8192K)
 Metaspace       used 35281K, committed 36096K, reserved 917504K
  class space    used 4676K, committed 5056K, reserved 851968K
}
Event: 9.569 GC heap before
{Heap before GC invocations=7 (full 0):
 garbage-first heap   total 90112K, used 26245K [0x00000006e0000000, 0x0000000800000000)
  region size 4096K, 3 young (12288K), 2 survivors (8192K)
 Metaspace       used 35593K, committed 36416K, reserved 917504K
  class space    used 4722K, committed 5120K, reserved 851968K
}
Event: 9.580 GC heap after
{Heap after GC invocations=8 (full 0):
 garbage-first heap   total 90112K, used 26521K [0x00000006e0000000, 0x0000000800000000)
  region size 4096K, 1 young (4096K), 1 survivors (4096K)
 Metaspace       used 35593K, committed 36416K, reserved 917504K
  class space    used 4722K, committed 5120K, reserved 851968K
}
Event: 11.466 GC heap before
{Heap before GC invocations=9 (full 0):
 garbage-first heap   total 90112K, used 67481K [0x00000006e0000000, 0x0000000800000000)
  region size 4096K, 12 young (49152K), 1 survivors (4096K)
 Metaspace       used 42256K, committed 43200K, reserved 917504K
  class space    used 5466K, committed 5952K, reserved 851968K
}
Event: 11.484 GC heap after
{Heap after GC invocations=10 (full 0):
 garbage-first heap   total 90112K, used 31543K [0x00000006e0000000, 0x0000000800000000)
  region size 4096K, 2 young (8192K), 2 survivors (8192K)
 Metaspace       used 42256K, committed 43200K, reserved 917504K
  class space    used 5466K, committed 5952K, reserved 851968K
}
Event: 12.424 GC heap before
{Heap before GC invocations=10 (full 0):
 garbage-first heap   total 90112K, used 68407K [0x00000006e0000000, 0x0000000800000000)
  region size 4096K, 12 young (49152K), 2 survivors (8192K)
 Metaspace       used 44753K, committed 45696K, reserved 917504K
  class space    used 5725K, committed 6208K, reserved 851968K
}
Event: 12.438 GC heap after
{Heap after GC invocations=11 (full 0):
 garbage-first heap   total 90112K, used 31604K [0x00000006e0000000, 0x0000000800000000)
  region size 4096K, 1 young (4096K), 1 survivors (4096K)
 Metaspace       used 44753K, committed 45696K, reserved 917504K
  class space    used 5725K, committed 6208K, reserved 851968K
}
Event: 14.684 GC heap before
{Heap before GC invocations=11 (full 0):
 garbage-first heap   total 90112K, used 72564K [0x00000006e0000000, 0x0000000800000000)
  region size 4096K, 11 young (45056K), 1 survivors (4096K)
 Metaspace       used 49087K, committed 50368K, reserved 917504K
  class space    used 6468K, committed 7104K, reserved 851968K
}
Event: 14.695 GC heap after
{Heap after GC invocations=12 (full 0):
 garbage-first heap   total 90112K, used 34483K [0x00000006e0000000, 0x0000000800000000)
  region size 4096K, 2 young (8192K), 2 survivors (8192K)
 Metaspace       used 49087K, committed 50368K, reserved 917504K
  class space    used 6468K, committed 7104K, reserved 851968K
}
Event: 16.477 GC heap before
{Heap before GC invocations=12 (full 0):
 garbage-first heap   total 90112K, used 67251K [0x00000006e0000000, 0x0000000800000000)
  region size 4096K, 10 young (40960K), 2 survivors (8192K)
 Metaspace       used 52969K, committed 54464K, reserved 917504K
  class space    used 7077K, committed 7808K, reserved 851968K
}
Event: 16.491 GC heap after
{Heap after GC invocations=13 (full 0):
 garbage-first heap   total 90112K, used 36112K [0x00000006e0000000, 0x0000000800000000)
  region size 4096K, 2 young (8192K), 2 survivors (8192K)
 Metaspace       used 52969K, committed 54464K, reserved 917504K
  class space    used 7077K, committed 7808K, reserved 851968K
}
Event: 17.269 GC heap before
{Heap before GC invocations=13 (full 0):
 garbage-first heap   total 90112K, used 68880K [0x00000006e0000000, 0x0000000800000000)
  region size 4096K, 10 young (40960K), 2 survivors (8192K)
 Metaspace       used 54276K, committed 55808K, reserved 917504K
  class space    used 7297K, committed 8064K, reserved 851968K
}
Event: 17.281 GC heap after
{Heap after GC invocations=14 (full 0):
 garbage-first heap   total 90112K, used 37418K [0x00000006e0000000, 0x0000000800000000)
  region size 4096K, 1 young (4096K), 1 survivors (4096K)
 Metaspace       used 54276K, committed 55808K, reserved 917504K
  class space    used 7297K, committed 8064K, reserved 851968K
}

